Oct 23 23:57:06 arch kernel: amdgpu 0000:c1:00.0: amdgpu: Dumping IP State
Oct 23 23:57:10 arch kernel: amdgpu 0000:c1:00.0: amdgpu: SMU: I'm not done with your previous command: SMN_C2PMSG_66:0x0000001A SMN_C2PMSG_82:0x00000000
Oct 23 23:57:10 arch kernel: amdgpu 0000:c1:00.0: amdgpu: Failed to disable gfxoff!
Oct 23 23:57:13 arch sudo[821779]: pam_unix(sudo:session): session closed for user root
Oct 23 23:57:13 arch sudo[838500]:   quasar : TTY=pts/1 ; PWD=/home/quasar ; USER=root ; COMMAND=/usr/bin/pacman --database --asdeps -- python-fluidity python-lexicon python-invoke python-pyproject-hooks python-build python-installer python-editables python-pathspec python-hatchling python-h11 python-httpcore python-sniffio python-anyio python-httpx python-ptyprocess python-pexpect python-mdurl python-markdown-it-py python-rich python-shellingham python-tomli-w python-userpath uv python-uv python-distlib python-virtualenv python-hatch python-setuptools-scm python-hatch-vcs
Oct 23 23:57:13 arch sudo[838500]: pam_unix(sudo:session): session opened for user root(uid=0) by quasar(uid=1000)
Oct 23 23:57:13 arch sudo[838500]: pam_unix(sudo:session): session closed for user root
Oct 23 23:57:15 arch kernel: amdgpu 0000:c1:00.0: amdgpu: SMU: I'm not done with your previous command: SMN_C2PMSG_66:0x0000001A SMN_C2PMSG_82:0x00000000
Oct 23 23:57:15 arch kernel: amdgpu 0000:c1:00.0: amdgpu: Failed to disable gfxoff!
Oct 23 23:57:20 arch kernel: amdgpu 0000:c1:00.0: amdgpu: SMU: I'm not done with your previous command: SMN_C2PMSG_66:0x0000001A SMN_C2PMSG_82:0x00000000
Oct 23 23:57:20 arch kernel: amdgpu 0000:c1:00.0: amdgpu: Failed to disable gfxoff!
Oct 23 23:57:24 arch sudo[850214]:   quasar : TTY=pts/1 ; PWD=/home/quasar ; USER=root ; COMMAND=/usr/bin/pacman --upgrade --noconfirm -- /home/quasar/.cache/paru/clone/dropbox/dropbox-235.4.5905-1-x86_64.pkg.tar.zst /home/quasar/.cache/paru/clone/python-click-option-group/python-click-option-group-0.5.9-1-any.pkg.tar.zst
Oct 23 23:57:24 arch sudo[850214]: pam_unix(sudo:session): session opened for user root(uid=0) by quasar(uid=1000)
Oct 23 23:57:24 arch systemd[1]: Reload requested from client PID 850222 ('systemctl') (unit session-1.scope)...
Oct 23 23:57:24 arch systemd[1]: Reloading...
Oct 23 23:57:24 arch systemd[1]: Reloading finished in 131 ms.
Oct 23 23:57:24 arch systemd[2619]: Received SIGRTMIN+25 from PID 1 (systemd).
Oct 23 23:57:24 arch systemd[1]: Reloading User Manager for UID 1000...
Oct 23 23:57:24 arch systemd[2619]: Reexecuting.
Oct 23 23:57:24 arch systemd-xdg-autostart-generator[850320]: Exec binary '/usr/bin/skypeforlinux' does not exist: No such file or directory
Oct 23 23:57:24 arch systemd-xdg-autostart-generator[850320]: /home/quasar/.config/autostart/skypeforlinux.desktop: not generating unit, executable specified in Exec= does not exist.
Oct 23 23:57:24 arch systemd[1]: Reloaded User Manager for UID 1000.
Oct 23 23:57:24 arch systemd[1]: Queuing reload/restart jobs for marked units…
Oct 23 23:57:24 arch sudo[850214]: pam_unix(sudo:session): session closed for user root
Oct 23 23:57:24 arch sudo[850332]:   quasar : TTY=pts/1 ; PWD=/home/quasar ; USER=root ; COMMAND=/usr/bin/pacman --remove --noconfirm -- python-pyproject-hooks python-build python-installer python-editables python-pathspec python-hatchling python-h11 python-httpcore python-sniffio python-anyio python-httpx python-ptyprocess python-pexpect python-mdurl python-markdown-it-py python-rich python-shellingham python-tomli-w python-userpath uv python-uv python-distlib python-virtualenv python-hatch python-setuptools-scm python-hatch-vcs
Oct 23 23:57:24 arch sudo[850332]: pam_unix(sudo:session): session opened for user root(uid=0) by quasar(uid=1000)
Oct 23 23:57:24 arch kernel: amdgpu 0000:c1:00.0: amdgpu: SMU: I'm not done with your previous command: SMN_C2PMSG_66:0x0000001A SMN_C2PMSG_82:0x00000000
Oct 23 23:57:24 arch kernel: amdgpu 0000:c1:00.0: amdgpu: Failed to disable gfxoff!
Oct 23 23:57:24 arch kernel: amdgpu 0000:c1:00.0: amdgpu: Dumping IP State Completed
Oct 23 23:57:24 arch kernel: amdgpu 0000:c1:00.0: amdgpu: [drm] AMDGPU device coredump file has been created
Oct 23 23:57:24 arch kernel: amdgpu 0000:c1:00.0: amdgpu: [drm] Check your /sys/class/drm/card1/device/devcoredump/data
Oct 23 23:57:24 arch kernel: amdgpu 0000:c1:00.0: amdgpu: ring gfx_0.0.0 timeout, signaled seq=5523558, emitted seq=5523560
Oct 23 23:57:24 arch kernel: amdgpu 0000:c1:00.0: amdgpu:  Process Xwayland pid 9039 thread Xwayland:cs0 pid 9040
Oct 23 23:57:24 arch kernel: amdgpu 0000:c1:00.0: amdgpu: Starting gfx_0.0.0 ring reset
Oct 23 23:57:25 arch sudo[850332]: pam_unix(sudo:session): session closed for user root
Oct 23 23:57:25 arch kernel: amdgpu 0000:c1:00.0: amdgpu: MES failed to respond to msg=MISC (WAIT_REG_MEM)
Oct 23 23:57:25 arch kernel: amdgpu 0000:c1:00.0: amdgpu: failed to reg_write_reg_wait
Oct 23 23:57:28 arch kernel: amdgpu 0000:c1:00.0: amdgpu: MES failed to respond to msg=MISC (WAIT_REG_MEM)
Oct 23 23:57:28 arch kernel: amdgpu 0000:c1:00.0: amdgpu: failed to reg_write_reg_wait
Oct 23 23:57:31 arch kernel: amdgpu 0000:c1:00.0: amdgpu: MES failed to respond to msg=RESET
Oct 23 23:57:31 arch kernel: amdgpu 0000:c1:00.0: amdgpu: failed to reset legacy queue
Oct 23 23:57:31 arch kernel: amdgpu 0000:c1:00.0: amdgpu: reset via MES failed and try pipe reset -110
Oct 23 23:57:31 arch kernel: amdgpu 0000:c1:00.0: amdgpu: The CPFW hasn't support pipe reset yet.
Oct 23 23:57:31 arch kernel: amdgpu 0000:c1:00.0: amdgpu: Ring gfx_0.0.0 reset failed
Oct 23 23:57:31 arch kernel: amdgpu 0000:c1:00.0: amdgpu: GPU reset begin!
Oct 23 23:57:35 arch kernel: amdgpu 0000:c1:00.0: amdgpu: SMU: I'm not done with your previous command: SMN_C2PMSG_66:0x0000001A SMN_C2PMSG_82:0x00000000
Oct 23 23:57:35 arch kernel: amdgpu 0000:c1:00.0: amdgpu: Failed to disable gfxoff!
Oct 23 23:57:38 arch kernel: ------------[ cut here ]------------
Oct 23 23:57:38 arch kernel: WARNING: CPU: 6 PID: 827279 at drivers/gpu/drm/amd/amdgpu/../display/dc/clk_mgr/dcn314/dcn314_smu.c:159 dcn314_smu_send_msg_with_param+0x109/0x190 [amdgpu]
Oct 23 23:57:38 arch kernel: Modules linked in: uinput nf_conntrack_netlink xt_nat xt_tcpudp iptable_raw veth xt_conntrack xt_MASQUERADE bridge stp llc ip6table_nat ip6table_filter ip6_tables xt_set ip_set iptable_nat nf_nat nf_conntrack nf_defrag_ipv6 nf_defrag_ipv4 xt_addrtype iptable_filter xfrm_user xfrm_algo overlay snd_seq_dummy rfcomm snd_hrtimer snd_seq snd_seq_device typec_thunderbolt typec_displayport ccm algif_aead des3_ede_x86_64 des_generic libdes md4 cmac algif_hash algif_skcipher af_alg bnep snd_sof_amd_acp70 snd_sof_amd_acp63 snd_sof_amd_vangogh snd_sof_amd_rembrandt vfat snd_sof_amd_renoir fat snd_sof_amd_acp snd_sof_pci snd_sof_xtensa_dsp snd_sof snd_sof_utils snd_pci_ps snd_soc_acpi_amd_match mt7921e snd_amd_sdw_acpi soundwire_amd mt7921_common r8153_ecm soundwire_generic_allocation cdc_ether mt792x_lib soundwire_bus snd_hda_codec_alc269 usbnet mt76_connac_lib snd_soc_sdca snd_hda_scodec_component amd_atl intel_rapl_msr mt76 snd_hda_codec_atihdmi snd_hda_codec_realtek_lib intel_rapl_common snd_soc_core
Oct 23 23:57:38 arch kernel:  snd_hda_codec_generic snd_hda_codec_hdmi snd_compress snd_hda_intel ac97_bus snd_pcm_dmaengine snd_hda_codec hid_sensor_als snd_rpl_pci_acp6x hid_sensor_trigger snd_acp_pci snd_hda_core industrialio_triggered_buffer btusb snd_amd_acpi_mach snd_intel_dspcfg kfifo_buf snd_acp_legacy_common snd_intel_sdw_acpi btrtl hid_sensor_iio_common ucsi_acpi industrialio kvm_amd typec_ucsi snd_hwdep btintel snd_pci_acp6x mac80211 btbcm leds_cros_ec cros_ec_sysfs cros_ec_debugfs gpio_cros_ec cros_ec_chardev cros_ec_hwmon led_class_multicolor cros_charge_control btmtk spd5118 snd_pcm typec r8152 hid_multitouch hid_sensor_hub libarc4 cros_ec_dev roles kvm snd_pci_acp5x bluetooth sp5100_tco mii snd_timer snd_rn_pci_acp3x cfg80211 irqbypass snd_acp_config snd_soc_acpi libphy snd amd_pmf i2c_piix4 rapl wmi_bmof pcspkr mousedev joydev amdtee mdio_bus amdxdna snd_pci_acp3x k10temp soundcore i2c_smbus rfkill thunderbolt amd_sfh i2c_hid_acpi cros_ec_lpcs platform_profile i2c_hid cros_ec cros_ec_proto amd_pmc mac_hid
Oct 23 23:57:38 arch kernel:  pkcs8_key_parser i2c_dev crypto_user ntsync loop nfnetlink ip_tables x_tables dm_crypt encrypted_keys trusted asn1_encoder tee hid_logitech_hidpp hid_logitech_dj uas usb_storage amdgpu dm_mod amdxcp i2c_algo_bit drm_ttm_helper ttm drm_exec gpu_sched drm_suballoc_helper nvme drm_panel_backlight_quirks drm_buddy polyval_clmulni nvme_core ghash_clmulni_intel drm_display_helper aesni_intel nvme_keyring ccp cec video nvme_auth wmi
Oct 23 23:57:38 arch kernel: CPU: 6 UID: 0 PID: 827279 Comm: kworker/u64:7 Not tainted 6.17.3-arch2-1 #1 PREEMPT(full)  60e0f9df16b2ade76937c590578836b51e446c34
Oct 23 23:57:38 arch kernel: Hardware name: Framework Laptop 16 (AMD Ryzen 7040 Series)/FRANMZCP07, BIOS 03.07 08/27/2025
Oct 23 23:57:38 arch kernel: Workqueue: amdgpu-reset-dev drm_sched_job_timedout [gpu_sched]
Oct 23 23:57:38 arch kernel: RIP: 0010:dcn314_smu_send_msg_with_param+0x109/0x190 [amdgpu]
Oct 23 23:57:38 arch kernel: Code: c7 c2 f0 e4 67 c1 5d 41 5c 41 5d e9 01 1e ef ff 89 da 48 c7 c6 88 59 7e c1 48 c7 c7 30 13 29 c1 e8 bc b8 5c d0 e9 46 ff ff ff <0f> 0b 48 8b 7d 00 b9 80 84 1e 00 44 89 ea 44 89 e6 e8 e1 d3 ef ff
Oct 23 23:57:38 arch kernel: RSP: 0018:ffffd0c54a46f7e8 EFLAGS: 00010246
Oct 23 23:57:38 arch kernel: RAX: 0002f823960c79e8 RBX: 0000000000000000 RCX: 0000000000000006
Oct 23 23:57:38 arch kernel: RDX: 0000000000009c4e RSI: 000000000000942c RDI: 0002f823960bdd9a
Oct 23 23:57:38 arch kernel: RBP: ffff8d958ab1d400 R08: ffff8d9592d63100 R09: 0000000000000000
Oct 23 23:57:38 arch kernel: R10: 0000000000000000 R11: 0000000000000001 R12: 000000000000000d
Oct 23 23:57:38 arch kernel: R13: 0000000000000000 R14: ffff8d9592d5f6c8 R15: ffff8d9753b80000
Oct 23 23:57:38 arch kernel: FS:  0000000000000000(0000) GS:ffff8d9c6e487000(0000) knlGS:0000000000000000
Oct 23 23:57:38 arch kernel: CS:  0010 DS: 0000 ES: 0000 CR0: 0000000080050033
Oct 23 23:57:38 arch kernel: CR2: 00003c9e63b3c000 CR3: 0000000108a6b000 CR4: 0000000000f50ef0
Oct 23 23:57:38 arch kernel: PKRU: 55555554
Oct 23 23:57:38 arch kernel: Call Trace:
Oct 23 23:57:38 arch kernel:  <TASK>
Oct 23 23:57:38 arch kernel:  link_set_dpms_off+0x112/0x7b0 [amdgpu 77533918cdc720b6c80f4bb023142eb1271a4aec]
Oct 23 23:57:38 arch kernel:  ? srso_alias_return_thunk+0x5/0xfbef5
Oct 23 23:57:38 arch kernel:  ? optc31_set_drr+0x12b/0x1e0 [amdgpu 77533918cdc720b6c80f4bb023142eb1271a4aec]
Oct 23 23:57:38 arch kernel:  ? srso_alias_return_thunk+0x5/0xfbef5
Oct 23 23:57:38 arch kernel:  dcn31_reset_hw_ctx_wrap+0x289/0x570 [amdgpu 77533918cdc720b6c80f4bb023142eb1271a4aec]
Oct 23 23:57:38 arch kernel:  dce110_apply_ctx_to_hw+0x71/0x5a0 [amdgpu 77533918cdc720b6c80f4bb023142eb1271a4aec]
Oct 23 23:57:38 arch kernel:  ? split_large_buddy+0xa0/0x110
Oct 23 23:57:38 arch kernel:  ? srso_alias_return_thunk+0x5/0xfbef5
Oct 23 23:57:38 arch kernel:  ? free_one_page+0x6b/0x170
Oct 23 23:57:38 arch kernel:  dc_commit_state_no_check+0x68e/0xf50 [amdgpu 77533918cdc720b6c80f4bb023142eb1271a4aec]
Oct 23 23:57:38 arch kernel:  dc_commit_streams+0x2c9/0x470 [amdgpu 77533918cdc720b6c80f4bb023142eb1271a4aec]
Oct 23 23:57:38 arch kernel:  dm_suspend+0x231/0x290 [amdgpu 77533918cdc720b6c80f4bb023142eb1271a4aec]
Oct 23 23:57:38 arch kernel:  amdgpu_ip_block_suspend+0x24/0x50 [amdgpu 77533918cdc720b6c80f4bb023142eb1271a4aec]
Oct 23 23:57:38 arch kernel:  amdgpu_device_ip_suspend_phase1+0xaa/0xc0 [amdgpu 77533918cdc720b6c80f4bb023142eb1271a4aec]
Oct 23 23:57:38 arch kernel:  amdgpu_device_ip_suspend+0x2c/0x80 [amdgpu 77533918cdc720b6c80f4bb023142eb1271a4aec]
Oct 23 23:57:38 arch kernel:  ? amdgpu_device_ip_need_full_reset+0x16/0x80 [amdgpu 77533918cdc720b6c80f4bb023142eb1271a4aec]
Oct 23 23:57:38 arch kernel:  amdgpu_device_pre_asic_reset+0xe9/0x2c0 [amdgpu 77533918cdc720b6c80f4bb023142eb1271a4aec]
Oct 23 23:57:38 arch kernel:  amdgpu_device_asic_reset+0x56/0x46f [amdgpu 77533918cdc720b6c80f4bb023142eb1271a4aec]
Oct 23 23:57:38 arch kernel:  amdgpu_device_gpu_recover.cold+0x209/0x25e [amdgpu 77533918cdc720b6c80f4bb023142eb1271a4aec]
Oct 23 23:57:38 arch kernel:  amdgpu_job_timedout.cold+0x1e1/0x3be [amdgpu 77533918cdc720b6c80f4bb023142eb1271a4aec]
Oct 23 23:57:38 arch kernel:  drm_sched_job_timedout+0x85/0x180 [gpu_sched 78948ca2290a07d45cb82a2d6d73df4f68a712ee]
Oct 23 23:57:38 arch kernel:  ? queue_delayed_work_on+0x81/0x90
Oct 23 23:57:38 arch kernel:  process_one_work+0x190/0x350
Oct 23 23:57:38 arch kernel:  worker_thread+0x2d7/0x410
Oct 23 23:57:38 arch kernel:  ? __pfx_worker_thread+0x10/0x10
Oct 23 23:57:38 arch kernel:  kthread+0xf9/0x240
Oct 23 23:57:38 arch kernel:  ? __pfx_kthread+0x10/0x10
Oct 23 23:57:38 arch kernel:  ? __pfx_kthread+0x10/0x10
Oct 23 23:57:38 arch kernel:  ret_from_fork+0x1c1/0x1f0
Oct 23 23:57:38 arch kernel:  ? __pfx_kthread+0x10/0x10
Oct 23 23:57:38 arch kernel:  ret_from_fork_asm+0x1a/0x30
Oct 23 23:57:38 arch kernel:  </TASK>
Oct 23 23:57:38 arch kernel: ---[ end trace 0000000000000000 ]---
Oct 23 23:57:45 arch kernel: amdgpu 0000:c1:00.0: amdgpu: MES failed to respond to msg=REMOVE_QUEUE
Oct 23 23:57:45 arch kernel: amdgpu 0000:c1:00.0: amdgpu: failed to unmap legacy queue
Oct 23 23:57:48 arch kernel: amdgpu 0000:c1:00.0: amdgpu: MES failed to respond to msg=REMOVE_QUEUE
Oct 23 23:57:48 arch kernel: amdgpu 0000:c1:00.0: amdgpu: failed to unmap legacy queue
Oct 23 23:57:50 arch kernel: amdgpu 0000:c1:00.0: amdgpu: MES failed to respond to msg=REMOVE_QUEUE
Oct 23 23:57:50 arch kernel: amdgpu 0000:c1:00.0: amdgpu: failed to unmap legacy queue
Oct 23 23:57:53 arch kernel: amdgpu 0000:c1:00.0: amdgpu: MES failed to respond to msg=REMOVE_QUEUE
Oct 23 23:57:53 arch kernel: amdgpu 0000:c1:00.0: amdgpu: failed to unmap legacy queue
Oct 23 23:57:56 arch kernel: amdgpu 0000:c1:00.0: amdgpu: MES failed to respond to msg=REMOVE_QUEUE
Oct 23 23:57:56 arch kernel: amdgpu 0000:c1:00.0: amdgpu: failed to unmap legacy queue
Oct 23 23:57:59 arch kernel: amdgpu 0000:c1:00.0: amdgpu: MES failed to respond to msg=REMOVE_QUEUE
Oct 23 23:57:59 arch kernel: amdgpu 0000:c1:00.0: amdgpu: failed to unmap legacy queue
Oct 23 23:57:59 arch kernel: usb 7-1.1: USB disconnect, device number 10
Oct 23 23:57:59 arch kernel: usb 7-1.2: USB disconnect, device number 11
Oct 23 23:57:59 arch kernel: usb 7-1.3: USB disconnect, device number 12
Oct 23 23:58:01 arch kernel: amdgpu 0000:c1:00.0: amdgpu: MES failed to respond to msg=REMOVE_QUEUE
Oct 23 23:58:01 arch kernel: amdgpu 0000:c1:00.0: amdgpu: failed to unmap legacy queue
Oct 23 23:58:04 arch kernel: amdgpu 0000:c1:00.0: amdgpu: MES failed to respond to msg=REMOVE_QUEUE
Oct 23 23:58:04 arch kernel: amdgpu 0000:c1:00.0: amdgpu: failed to unmap legacy queue
Oct 23 23:58:07 arch kernel: amdgpu 0000:c1:00.0: amdgpu: MES failed to respond to msg=REMOVE_QUEUE
Oct 23 23:58:07 arch kernel: amdgpu 0000:c1:00.0: amdgpu: failed to unmap legacy queue
Oct 23 23:58:07 arch kernel: amdgpu 0000:c1:00.0: amdgpu: MODE2 reset
Oct 23 23:58:12 arch kernel: amdgpu 0000:c1:00.0: amdgpu: SMU: I'm not done with your previous command: SMN_C2PMSG_66:0x0000001A SMN_C2PMSG_82:0x00000000
Oct 23 23:58:12 arch kernel: amdgpu 0000:c1:00.0: amdgpu: Mode2 reset failed!
Oct 23 23:58:12 arch kernel: amdgpu 0000:c1:00.0: amdgpu: ASIC reset failed with error, -62 for drm dev, 0000:c1:00.0
Oct 23 23:58:12 arch kernel: amdgpu 0000:c1:00.0: amdgpu: GPU reset end with ret = -62
Oct 23 23:58:12 arch kernel: amdgpu 0000:c1:00.0: amdgpu: GPU Recovery Failed: -62
Oct 23 23:58:22 arch kernel: amdgpu 0000:c1:00.0: amdgpu: Dumping IP State
Oct 23 23:58:22 arch kernel: amdgpu 0000:c1:00.0: amdgpu: Dumping IP State Completed
Oct 23 23:58:22 arch kernel: amdgpu 0000:c1:00.0: amdgpu: [drm] AMDGPU device coredump file has been created
Oct 23 23:58:22 arch kernel: amdgpu 0000:c1:00.0: amdgpu: [drm] Check your /sys/class/drm/card1/device/devcoredump/data
Oct 23 23:58:22 arch kernel: amdgpu 0000:c1:00.0: amdgpu: ring gfx_0.0.0 timeout, signaled seq=5523560, emitted seq=5523560
Oct 23 23:58:22 arch kernel: amdgpu 0000:c1:00.0: amdgpu:  Process Xwayland pid 9039 thread Xwayland:cs0 pid 9040
Oct 23 23:58:22 arch kernel: amdgpu 0000:c1:00.0: amdgpu: Starting gfx_0.0.0 ring reset
Oct 23 23:58:25 arch kernel: amdgpu 0000:c1:00.0: amdgpu: MES failed to respond to msg=RESET
Oct 23 23:58:25 arch kernel: amdgpu 0000:c1:00.0: amdgpu: failed to reset legacy queue
Oct 23 23:58:25 arch kernel: amdgpu 0000:c1:00.0: amdgpu: reset via MES failed and try pipe reset -110
Oct 23 23:58:25 arch kernel: amdgpu 0000:c1:00.0: amdgpu: Ring gfx_0.0.0 reset failed
Oct 23 23:58:25 arch kernel: amdgpu 0000:c1:00.0: amdgpu: GPU reset begin!
Oct 23 23:58:59 arch (udev-worker)[850440]: hidpp_battery_1: Spawned process '/usr/bin/sh -c '[ "$(cat /sys/class/power_supply/ACAD/online)" == 1 ] && /usr/bin/ryzenadj --fast-limit=60000 --slow-limit=50000'' [850446] is taking longer than 59s to complete.
Oct 23 23:58:59 arch systemd-udevd[723]: hidpp_battery_1: Worker [850440] processing SEQNUM=9819 is taking a long time.
Oct 23 23:59:38 arch kernel: INFO: task GpuWatchdog:9171 blocked for more than 122 seconds.
Oct 23 23:59:38 arch kernel:       Tainted: G        W           6.17.3-arch2-1 #1
Oct 23 23:59:38 arch kernel:       Blocked by coredump.
Oct 23 23:59:38 arch kernel: "echo 0 > /proc/sys/kernel/hung_task_timeout_secs" disables this message.
Oct 23 23:59:38 arch kernel: task:GpuWatchdog     state:D stack:0     pid:9171  tgid:9076  ppid:9027   task_flags:0x40004c flags:0x00004002
Oct 23 23:59:38 arch kernel: Call Trace:
Oct 23 23:59:38 arch kernel:  <TASK>
Oct 23 23:59:38 arch kernel:  __schedule+0x418/0x1330
Oct 23 23:59:38 arch kernel:  ? amdgpu_job_submit+0xa9/0xe0 [amdgpu 77533918cdc720b6c80f4bb023142eb1271a4aec]
Oct 23 23:59:38 arch kernel:  ? srso_alias_return_thunk+0x5/0xfbef5
Oct 23 23:59:38 arch kernel:  ? amdgpu_ttm_fill_mem.constprop.0+0x17d/0x1d0 [amdgpu 77533918cdc720b6c80f4bb023142eb1271a4aec]
Oct 23 23:59:38 arch kernel:  schedule+0x27/0xd0
Oct 23 23:59:38 arch kernel:  schedule_timeout+0xbd/0x100
Oct 23 23:59:38 arch kernel:  dma_fence_default_wait+0x199/0x280
Oct 23 23:59:38 arch kernel:  ? __pfx_dma_fence_default_wait_cb+0x10/0x10
Oct 23 23:59:38 arch kernel:  dma_fence_wait_timeout+0x129/0x150
Oct 23 23:59:38 arch kernel:  amdgpu_vm_fini+0xe9/0x5b0 [amdgpu 77533918cdc720b6c80f4bb023142eb1271a4aec]
Oct 23 23:59:38 arch kernel:  ? srso_alias_return_thunk+0x5/0xfbef5
Oct 23 23:59:38 arch kernel:  ? __call_rcu_common+0xcc/0x720
Oct 23 23:59:38 arch kernel:  amdgpu_driver_postclose_kms+0x199/0x280 [amdgpu 77533918cdc720b6c80f4bb023142eb1271a4aec]
Oct 23 23:59:38 arch kernel:  drm_file_free+0x235/0x2a0
Oct 23 23:59:38 arch kernel:  drm_release+0xc3/0x140
Oct 23 23:59:38 arch kernel:  __fput+0xe3/0x2a0
Oct 23 23:59:38 arch kernel:  task_work_run+0x5a/0x90
Oct 23 23:59:38 arch kernel:  do_exit+0x29c/0xa90
Oct 23 23:59:38 arch kernel:  do_group_exit+0x2d/0xc0
Oct 23 23:59:38 arch kernel:  __x64_sys_exit_group+0x18/0x20
Oct 23 23:59:38 arch kernel:  x64_sys_call+0x14ef/0x1500
Oct 23 23:59:38 arch kernel:  do_syscall_64+0x81/0x970
Oct 23 23:59:38 arch kernel:  ? srso_alias_return_thunk+0x5/0xfbef5
Oct 23 23:59:38 arch kernel:  ? exc_page_fault+0x7e/0x1a0
Oct 23 23:59:38 arch kernel:  entry_SYSCALL_64_after_hwframe+0x76/0x7e
Oct 23 23:59:38 arch kernel: RIP: 0033:0x7f1436ee50e8
Oct 23 23:59:38 arch kernel: RSP: 002b:00007f14329fc848 EFLAGS: 00000206 ORIG_RAX: 00000000000000e7
Oct 23 23:59:38 arch kernel: RAX: ffffffffffffffda RBX: 00005583382f8090 RCX: 00007f1436ee50e8
Oct 23 23:59:38 arch kernel: RDX: 00000007f142c002 RSI: ffffffffffffe580 RDI: 0000000000000002
Oct 23 23:59:38 arch kernel: RBP: 00007f14329fc850 R08: ac88f087ef71bf81 R09: 0000000000000030
Oct 23 23:59:38 arch kernel: R10: 0000000000000035 R11: 0000000000000206 R12: 00007f1439dec109
Oct 23 23:59:38 arch kernel: R13: 0000000000000000 R14: 00007f14329fc878 R15: 0000000000000002
Oct 23 23:59:38 arch kernel:  </TASK>
Oct 23 23:59:38 arch kernel: INFO: task kworker/u65:4:816219 blocked for more than 122 seconds.
Oct 23 23:59:38 arch kernel:       Tainted: G        W           6.17.3-arch2-1 #1
Oct 23 23:59:38 arch kernel: "echo 0 > /proc/sys/kernel/hung_task_timeout_secs" disables this message.
Oct 23 23:59:38 arch kernel: task:kworker/u65:4   state:D stack:0     pid:816219 tgid:816219 ppid:2      task_flags:0x4208060 flags:0x00004000
Oct 23 23:59:38 arch kernel: Workqueue: ttm ttm_bo_delayed_delete [ttm]
Oct 23 23:59:38 arch kernel: Call Trace:
Oct 23 23:59:38 arch kernel:  <TASK>
Oct 23 23:59:38 arch kernel:  __schedule+0x418/0x1330
Oct 23 23:59:38 arch kernel:  ? srso_alias_return_thunk+0x5/0xfbef5
Oct 23 23:59:38 arch kernel:  ? srso_alias_return_thunk+0x5/0xfbef5
Oct 23 23:59:38 arch kernel:  ? __slab_free+0xe4/0x310
Oct 23 23:59:38 arch kernel:  schedule+0x27/0xd0
Oct 23 23:59:38 arch kernel:  schedule_timeout+0xbd/0x100
Oct 23 23:59:38 arch kernel:  dma_fence_default_wait+0x199/0x280
Oct 23 23:59:38 arch kernel:  ? __pfx_dma_fence_default_wait_cb+0x10/0x10
Oct 23 23:59:38 arch kernel:  dma_fence_wait_timeout+0x129/0x150
Oct 23 23:59:38 arch kernel:  dma_resv_wait_timeout+0xce/0x1d0
Oct 23 23:59:38 arch kernel:  ttm_bo_delayed_delete+0x32/0x90 [ttm c69aba645bdee9394d65553c2799caeeaafd1a10]
Oct 23 23:59:38 arch kernel:  process_one_work+0x190/0x350
Oct 23 23:59:38 arch kernel:  worker_thread+0x2d7/0x410
Oct 23 23:59:38 arch kernel:  ? __pfx_worker_thread+0x10/0x10
Oct 23 23:59:38 arch kernel:  kthread+0xf9/0x240
Oct 23 23:59:38 arch kernel:  ? __pfx_kthread+0x10/0x10
Oct 23 23:59:38 arch kernel:  ? __pfx_kthread+0x10/0x10
Oct 23 23:59:38 arch kernel:  ret_from_fork+0x1c1/0x1f0
Oct 23 23:59:38 arch kernel:  ? __pfx_kthread+0x10/0x10
Oct 23 23:59:38 arch kernel:  ret_from_fork_asm+0x1a/0x30
Oct 23 23:59:38 arch kernel:  </TASK>
Oct 23 23:59:38 arch kernel: INFO: task kworker/u65:9:816222 blocked for more than 122 seconds.
Oct 23 23:59:38 arch kernel:       Tainted: G        W           6.17.3-arch2-1 #1
Oct 23 23:59:38 arch kernel: "echo 0 > /proc/sys/kernel/hung_task_timeout_secs" disables this message.
Oct 23 23:59:38 arch kernel: task:kworker/u65:9   state:D stack:0     pid:816222 tgid:816222 ppid:2      task_flags:0x4208060 flags:0x00004000
Oct 23 23:59:38 arch kernel: Workqueue: ttm ttm_bo_delayed_delete [ttm]
Oct 23 23:59:38 arch kernel: Call Trace:
Oct 23 23:59:38 arch kernel:  <TASK>
Oct 23 23:59:38 arch kernel:  __schedule+0x418/0x1330
Oct 23 23:59:38 arch kernel:  schedule+0x27/0xd0
Oct 23 23:59:38 arch kernel:  schedule_timeout+0xbd/0x100
Oct 23 23:59:38 arch kernel:  dma_fence_default_wait+0x199/0x280
Oct 23 23:59:38 arch kernel:  ? __pfx_dma_fence_default_wait_cb+0x10/0x10
Oct 23 23:59:38 arch kernel:  dma_fence_wait_timeout+0x129/0x150
Oct 23 23:59:38 arch kernel:  dma_resv_wait_timeout+0xce/0x1d0
Oct 23 23:59:38 arch kernel:  ttm_bo_delayed_delete+0x32/0x90 [ttm c69aba645bdee9394d65553c2799caeeaafd1a10]
Oct 23 23:59:38 arch kernel:  process_one_work+0x190/0x350
Oct 23 23:59:38 arch kernel:  worker_thread+0x2d7/0x410
Oct 23 23:59:38 arch kernel:  ? __pfx_worker_thread+0x10/0x10
Oct 23 23:59:38 arch kernel:  kthread+0xf9/0x240
Oct 23 23:59:38 arch kernel:  ? __pfx_kthread+0x10/0x10
Oct 23 23:59:38 arch kernel:  ? __pfx_kthread+0x10/0x10
Oct 23 23:59:38 arch kernel:  ret_from_fork+0x1c1/0x1f0
Oct 23 23:59:38 arch kernel:  ? __pfx_kthread+0x10/0x10
Oct 23 23:59:38 arch kernel:  ret_from_fork_asm+0x1a/0x30
Oct 23 23:59:38 arch kernel:  </TASK>
Oct 23 23:59:38 arch kernel: INFO: task kworker/u64:2:819323 blocked for more than 122 seconds.
Oct 23 23:59:38 arch kernel:       Tainted: G        W           6.17.3-arch2-1 #1
Oct 23 23:59:38 arch kernel: "echo 0 > /proc/sys/kernel/hung_task_timeout_secs" disables this message.
Oct 23 23:59:38 arch kernel: task:kworker/u64:2   state:D stack:0     pid:819323 tgid:819323 ppid:2      task_flags:0x4208060 flags:0x00004000
Oct 23 23:59:38 arch kernel: Workqueue: events_unbound commit_work
Oct 23 23:59:38 arch kernel: Call Trace:
Oct 23 23:59:38 arch kernel:  <TASK>
Oct 23 23:59:38 arch kernel:  __schedule+0x418/0x1330
Oct 23 23:59:38 arch kernel:  ? dc_stream_get_scanoutpos+0x77/0xb0 [amdgpu 77533918cdc720b6c80f4bb023142eb1271a4aec]
Oct 23 23:59:38 arch kernel:  ? srso_alias_return_thunk+0x5/0xfbef5
Oct 23 23:59:38 arch kernel:  ? dm_crtc_get_scanoutpos+0xa4/0x120 [amdgpu 77533918cdc720b6c80f4bb023142eb1271a4aec]
Oct 23 23:59:38 arch kernel:  ? srso_alias_return_thunk+0x5/0xfbef5
Oct 23 23:59:38 arch kernel:  ? ktime_get+0x38/0xd0
Oct 23 23:59:38 arch kernel:  schedule+0x27/0xd0
Oct 23 23:59:38 arch kernel:  schedule_timeout+0xbd/0x100
Oct 23 23:59:38 arch kernel:  dma_fence_default_wait+0x199/0x280
Oct 23 23:59:38 arch kernel:  ? __pfx_dma_fence_default_wait_cb+0x10/0x10
Oct 23 23:59:38 arch kernel:  dma_fence_wait_timeout+0x129/0x150
Oct 23 23:59:38 arch kernel:  drm_atomic_helper_wait_for_fences+0x133/0x1f0
Oct 23 23:59:38 arch kernel:  commit_tail+0x2f/0x140
Oct 23 23:59:38 arch kernel:  process_one_work+0x190/0x350
Oct 23 23:59:38 arch kernel:  worker_thread+0x2d7/0x410
Oct 23 23:59:38 arch kernel:  ? __pfx_worker_thread+0x10/0x10
Oct 23 23:59:38 arch kernel:  kthread+0xf9/0x240
Oct 23 23:59:38 arch kernel:  ? __pfx_kthread+0x10/0x10
Oct 23 23:59:38 arch kernel:  ? __pfx_kthread+0x10/0x10
Oct 23 23:59:38 arch kernel:  ret_from_fork+0x1c1/0x1f0
Oct 23 23:59:38 arch kernel:  ? __pfx_kthread+0x10/0x10
Oct 23 23:59:38 arch kernel:  ret_from_fork_asm+0x1a/0x30
Oct 23 23:59:38 arch kernel:  </TASK>
Oct 23 23:59:38 arch kernel: INFO: task kworker/u65:0:819325 blocked for more than 122 seconds.
Oct 23 23:59:38 arch kernel:       Tainted: G        W           6.17.3-arch2-1 #1
Oct 23 23:59:38 arch kernel: "echo 0 > /proc/sys/kernel/hung_task_timeout_secs" disables this message.
Oct 23 23:59:38 arch kernel: task:kworker/u65:0   state:D stack:0     pid:819325 tgid:819325 ppid:2      task_flags:0x4208060 flags:0x00004000
Oct 23 23:59:38 arch kernel: Workqueue: ttm ttm_bo_delayed_delete [ttm]
Oct 23 23:59:38 arch kernel: Call Trace:
Oct 23 23:59:38 arch kernel:  <TASK>
Oct 23 23:59:38 arch kernel:  __schedule+0x418/0x1330
Oct 23 23:59:38 arch kernel:  ? srso_alias_return_thunk+0x5/0xfbef5
Oct 23 23:59:38 arch kernel:  ? __entry_text_end+0x101e35/0x101e39
Oct 23 23:59:38 arch kernel:  schedule+0x27/0xd0
Oct 23 23:59:38 arch kernel:  schedule_timeout+0xbd/0x100
Oct 23 23:59:38 arch kernel:  dma_fence_default_wait+0x199/0x280
Oct 23 23:59:38 arch kernel:  ? __pfx_dma_fence_default_wait_cb+0x10/0x10
Oct 23 23:59:38 arch kernel:  dma_fence_wait_timeout+0x129/0x150
Oct 23 23:59:38 arch kernel:  dma_resv_wait_timeout+0xce/0x1d0
Oct 23 23:59:38 arch kernel:  ttm_bo_delayed_delete+0x32/0x90 [ttm c69aba645bdee9394d65553c2799caeeaafd1a10]
Oct 23 23:59:38 arch kernel:  process_one_work+0x190/0x350
Oct 23 23:59:38 arch kernel:  worker_thread+0x2d7/0x410
Oct 23 23:59:38 arch kernel:  ? __pfx_worker_thread+0x10/0x10
Oct 23 23:59:38 arch kernel:  kthread+0xf9/0x240
Oct 23 23:59:38 arch kernel:  ? __pfx_kthread+0x10/0x10
Oct 23 23:59:38 arch kernel:  ? __pfx_kthread+0x10/0x10
Oct 23 23:59:38 arch kernel:  ret_from_fork+0x1c1/0x1f0
Oct 23 23:59:38 arch kernel:  ? __pfx_kthread+0x10/0x10
Oct 23 23:59:38 arch kernel:  ret_from_fork_asm+0x1a/0x30
Oct 23 23:59:38 arch kernel:  </TASK>
Oct 23 23:59:38 arch kernel: INFO: task kworker/u65:1:819372 blocked for more than 122 seconds.
Oct 23 23:59:38 arch kernel:       Tainted: G        W           6.17.3-arch2-1 #1
Oct 23 23:59:38 arch kernel: "echo 0 > /proc/sys/kernel/hung_task_timeout_secs" disables this message.
Oct 23 23:59:38 arch kernel: task:kworker/u65:1   state:D stack:0     pid:819372 tgid:819372 ppid:2      task_flags:0x4208060 flags:0x00004000
Oct 23 23:59:38 arch kernel: Workqueue: ttm ttm_bo_delayed_delete [ttm]
Oct 23 23:59:38 arch kernel: Call Trace:
Oct 23 23:59:38 arch kernel:  <TASK>
Oct 23 23:59:38 arch kernel:  __schedule+0x418/0x1330
Oct 23 23:59:38 arch kernel:  ? srso_alias_return_thunk+0x5/0xfbef5
Oct 23 23:59:38 arch kernel:  ? __slab_free+0xe4/0x310
Oct 23 23:59:38 arch kernel:  schedule+0x27/0xd0
Oct 23 23:59:38 arch kernel:  schedule_timeout+0xbd/0x100
Oct 23 23:59:38 arch kernel:  dma_fence_default_wait+0x199/0x280
Oct 23 23:59:38 arch kernel:  ? __pfx_dma_fence_default_wait_cb+0x10/0x10
Oct 23 23:59:38 arch kernel:  dma_fence_wait_timeout+0x129/0x150
Oct 23 23:59:38 arch kernel:  dma_resv_wait_timeout+0xce/0x1d0
Oct 23 23:59:38 arch kernel:  ttm_bo_delayed_delete+0x32/0x90 [ttm c69aba645bdee9394d65553c2799caeeaafd1a10]
Oct 23 23:59:38 arch kernel:  process_one_work+0x190/0x350
Oct 23 23:59:38 arch kernel:  worker_thread+0x2d7/0x410
Oct 23 23:59:38 arch kernel:  ? __pfx_worker_thread+0x10/0x10
Oct 23 23:59:38 arch kernel:  kthread+0xf9/0x240
Oct 23 23:59:38 arch kernel:  ? __pfx_kthread+0x10/0x10
Oct 23 23:59:38 arch kernel:  ? __pfx_kthread+0x10/0x10
Oct 23 23:59:38 arch kernel:  ret_from_fork+0x1c1/0x1f0
Oct 23 23:59:38 arch kernel:  ? __pfx_kthread+0x10/0x10
Oct 23 23:59:38 arch kernel:  ret_from_fork_asm+0x1a/0x30
Oct 23 23:59:38 arch kernel:  </TASK>
Oct 23 23:59:38 arch kernel: INFO: task kworker/u65:2:819373 blocked for more than 122 seconds.
Oct 23 23:59:38 arch kernel:       Tainted: G        W           6.17.3-arch2-1 #1
Oct 23 23:59:38 arch kernel: "echo 0 > /proc/sys/kernel/hung_task_timeout_secs" disables this message.
Oct 23 23:59:38 arch kernel: task:kworker/u65:2   state:D stack:0     pid:819373 tgid:819373 ppid:2      task_flags:0x4208060 flags:0x00004000
Oct 23 23:59:38 arch kernel: Workqueue: ttm ttm_bo_delayed_delete [ttm]
Oct 23 23:59:38 arch kernel: Call Trace:
Oct 23 23:59:38 arch kernel:  <TASK>
Oct 23 23:59:38 arch kernel:  __schedule+0x418/0x1330
Oct 23 23:59:38 arch kernel:  ? srso_alias_return_thunk+0x5/0xfbef5
Oct 23 23:59:38 arch kernel:  ? __slab_free+0xe4/0x310
Oct 23 23:59:38 arch kernel:  schedule+0x27/0xd0
Oct 23 23:59:38 arch kernel:  schedule_timeout+0xbd/0x100
Oct 23 23:59:38 arch kernel:  dma_fence_default_wait+0x199/0x280
Oct 23 23:59:38 arch kernel:  ? __pfx_dma_fence_default_wait_cb+0x10/0x10
Oct 23 23:59:38 arch kernel:  dma_fence_wait_timeout+0x129/0x150
Oct 23 23:59:38 arch kernel:  dma_resv_wait_timeout+0xce/0x1d0
Oct 23 23:59:38 arch kernel:  ttm_bo_delayed_delete+0x32/0x90 [ttm c69aba645bdee9394d65553c2799caeeaafd1a10]
Oct 23 23:59:38 arch kernel:  process_one_work+0x190/0x350
Oct 23 23:59:38 arch kernel:  worker_thread+0x2d7/0x410
Oct 23 23:59:38 arch kernel:  ? __pfx_worker_thread+0x10/0x10
Oct 23 23:59:38 arch kernel:  kthread+0xf9/0x240
Oct 23 23:59:38 arch kernel:  ? __pfx_kthread+0x10/0x10
Oct 23 23:59:38 arch kernel:  ? __pfx_kthread+0x10/0x10
Oct 23 23:59:38 arch kernel:  ret_from_fork+0x1c1/0x1f0
Oct 23 23:59:38 arch kernel:  ? __pfx_kthread+0x10/0x10
Oct 23 23:59:38 arch kernel:  ret_from_fork_asm+0x1a/0x30
Oct 23 23:59:38 arch kernel:  </TASK>
Oct 23 23:59:38 arch kernel: INFO: task kworker/u65:3:819374 blocked for more than 122 seconds.
Oct 23 23:59:38 arch kernel:       Tainted: G        W           6.17.3-arch2-1 #1
Oct 23 23:59:38 arch kernel: "echo 0 > /proc/sys/kernel/hung_task_timeout_secs" disables this message.
Oct 23 23:59:38 arch kernel: task:kworker/u65:3   state:D stack:0     pid:819374 tgid:819374 ppid:2      task_flags:0x4208060 flags:0x00004000
Oct 23 23:59:38 arch kernel: Workqueue: ttm ttm_bo_delayed_delete [ttm]
Oct 23 23:59:38 arch kernel: Call Trace:
Oct 23 23:59:38 arch kernel:  <TASK>
Oct 23 23:59:38 arch kernel:  __schedule+0x418/0x1330
Oct 23 23:59:38 arch kernel:  ? srso_alias_return_thunk+0x5/0xfbef5
Oct 23 23:59:38 arch kernel:  ? __slab_free+0xe4/0x310
Oct 23 23:59:38 arch kernel:  schedule+0x27/0xd0
Oct 23 23:59:38 arch kernel:  schedule_timeout+0xbd/0x100
Oct 23 23:59:38 arch kernel:  dma_fence_default_wait+0x199/0x280
Oct 23 23:59:38 arch kernel:  ? __pfx_dma_fence_default_wait_cb+0x10/0x10
Oct 23 23:59:38 arch kernel:  dma_fence_wait_timeout+0x129/0x150
Oct 23 23:59:38 arch kernel:  dma_resv_wait_timeout+0xce/0x1d0
Oct 23 23:59:38 arch kernel:  ttm_bo_delayed_delete+0x32/0x90 [ttm c69aba645bdee9394d65553c2799caeeaafd1a10]
Oct 23 23:59:38 arch kernel:  process_one_work+0x190/0x350
Oct 23 23:59:38 arch kernel:  worker_thread+0x2d7/0x410
Oct 23 23:59:38 arch kernel:  ? __pfx_worker_thread+0x10/0x10
Oct 23 23:59:38 arch kernel:  kthread+0xf9/0x240
Oct 23 23:59:38 arch kernel:  ? __pfx_kthread+0x10/0x10
Oct 23 23:59:38 arch kernel:  ? __pfx_kthread+0x10/0x10
Oct 23 23:59:38 arch kernel:  ret_from_fork+0x1c1/0x1f0
Oct 23 23:59:38 arch kernel:  ? __pfx_kthread+0x10/0x10
Oct 23 23:59:38 arch kernel:  ret_from_fork_asm+0x1a/0x30
Oct 23 23:59:38 arch kernel:  </TASK>
Oct 23 23:59:38 arch kernel: INFO: task kworker/u65:5:819375 blocked for more than 122 seconds.
Oct 23 23:59:38 arch kernel:       Tainted: G        W           6.17.3-arch2-1 #1
Oct 23 23:59:38 arch kernel: "echo 0 > /proc/sys/kernel/hung_task_timeout_secs" disables this message.
Oct 23 23:59:38 arch kernel: task:kworker/u65:5   state:D stack:0     pid:819375 tgid:819375 ppid:2      task_flags:0x4208060 flags:0x00004000
Oct 23 23:59:38 arch kernel: Workqueue: ttm ttm_bo_delayed_delete [ttm]
Oct 23 23:59:38 arch kernel: Call Trace:
Oct 23 23:59:38 arch kernel:  <TASK>
Oct 23 23:59:38 arch kernel:  __schedule+0x418/0x1330
Oct 23 23:59:38 arch kernel:  ? srso_alias_return_thunk+0x5/0xfbef5
Oct 23 23:59:38 arch kernel:  ? srso_alias_return_thunk+0x5/0xfbef5
Oct 23 23:59:38 arch kernel:  ? __slab_free+0xe4/0x310
Oct 23 23:59:38 arch kernel:  ? srso_alias_return_thunk+0x5/0xfbef5
Oct 23 23:59:38 arch kernel:  ? select_idle_core.isra.0+0x78/0x100
Oct 23 23:59:38 arch kernel:  schedule+0x27/0xd0
Oct 23 23:59:38 arch kernel:  schedule_timeout+0xbd/0x100
Oct 23 23:59:38 arch kernel:  dma_fence_default_wait+0x199/0x280
Oct 23 23:59:38 arch kernel:  ? __pfx_dma_fence_default_wait_cb+0x10/0x10
Oct 23 23:59:38 arch kernel:  dma_fence_wait_timeout+0x129/0x150
Oct 23 23:59:38 arch kernel:  dma_resv_wait_timeout+0xce/0x1d0
Oct 23 23:59:38 arch kernel:  ttm_bo_delayed_delete+0x32/0x90 [ttm c69aba645bdee9394d65553c2799caeeaafd1a10]
Oct 23 23:59:38 arch kernel:  process_one_work+0x190/0x350
Oct 23 23:59:38 arch kernel:  worker_thread+0x2d7/0x410
Oct 23 23:59:38 arch kernel:  ? __pfx_worker_thread+0x10/0x10
Oct 23 23:59:38 arch kernel:  kthread+0xf9/0x240
Oct 23 23:59:38 arch kernel:  ? __pfx_kthread+0x10/0x10
Oct 23 23:59:38 arch kernel:  ? __pfx_kthread+0x10/0x10
Oct 23 23:59:38 arch kernel:  ret_from_fork+0x1c1/0x1f0
Oct 23 23:59:38 arch kernel:  ? __pfx_kthread+0x10/0x10
Oct 23 23:59:38 arch kernel:  ret_from_fork_asm+0x1a/0x30
Oct 23 23:59:38 arch kernel:  </TASK>
Oct 23 23:59:38 arch kernel: INFO: task kworker/u65:6:819402 blocked for more than 122 seconds.
Oct 23 23:59:38 arch kernel:       Tainted: G        W           6.17.3-arch2-1 #1
Oct 23 23:59:38 arch kernel: "echo 0 > /proc/sys/kernel/hung_task_timeout_secs" disables this message.
Oct 23 23:59:38 arch kernel: task:kworker/u65:6   state:D stack:0     pid:819402 tgid:819402 ppid:2      task_flags:0x4208060 flags:0x00004000
Oct 23 23:59:38 arch kernel: Workqueue: ttm ttm_bo_delayed_delete [ttm]
Oct 23 23:59:38 arch kernel: Call Trace:
Oct 23 23:59:38 arch kernel:  <TASK>
Oct 23 23:59:38 arch kernel:  __schedule+0x418/0x1330
Oct 23 23:59:38 arch kernel:  schedule+0x27/0xd0
Oct 23 23:59:38 arch kernel:  schedule_timeout+0xbd/0x100
Oct 23 23:59:38 arch kernel:  dma_fence_default_wait+0x199/0x280
Oct 23 23:59:38 arch kernel:  ? __pfx_dma_fence_default_wait_cb+0x10/0x10
Oct 23 23:59:38 arch kernel:  dma_fence_wait_timeout+0x129/0x150
Oct 23 23:59:38 arch kernel:  dma_resv_wait_timeout+0xce/0x1d0
Oct 23 23:59:38 arch kernel:  ttm_bo_delayed_delete+0x32/0x90 [ttm c69aba645bdee9394d65553c2799caeeaafd1a10]
Oct 23 23:59:38 arch kernel:  process_one_work+0x190/0x350
Oct 23 23:59:38 arch kernel:  worker_thread+0x2d7/0x410
Oct 23 23:59:38 arch kernel:  ? __pfx_worker_thread+0x10/0x10
Oct 23 23:59:38 arch kernel:  kthread+0xf9/0x240
Oct 23 23:59:38 arch kernel:  ? __pfx_kthread+0x10/0x10
Oct 23 23:59:38 arch kernel:  ? __pfx_kthread+0x10/0x10
Oct 23 23:59:38 arch kernel:  ret_from_fork+0x1c1/0x1f0
Oct 23 23:59:38 arch kernel:  ? __pfx_kthread+0x10/0x10
Oct 23 23:59:38 arch kernel:  ret_from_fork_asm+0x1a/0x30
Oct 23 23:59:38 arch kernel:  </TASK>
Oct 23 23:59:38 arch kernel: Future hung task reports are suppressed, see sysctl kernel.hung_task_warnings
Oct 24 00:00:25 arch systemd[1]: Started Verify integrity of password and group files.
Oct 24 00:00:26 arch systemd[1]: shadow.service: Deactivated successfully.
Oct 24 00:00:59 arch (udev-worker)[850440]: hidpp_battery_1: Spawned process '/usr/bin/sh -c '[ "$(cat /sys/class/power_supply/ACAD/online)" == 1 ] && /usr/bin/ryzenadj --fast-limit=60000 --slow-limit=50000'' [850446] timed out after 2min 59s, killing.
Oct 24 00:00:59 arch (udev-worker)[850440]: hidpp_battery_1: Process '/usr/bin/sh -c '[ "$(cat /sys/class/power_supply/ACAD/online)" == 1 ] && /usr/bin/ryzenadj --fast-limit=60000 --slow-limit=50000'' terminated by signal KILL.
Oct 24 00:00:59 arch (udev-worker)[850440]: hidpp_battery_1: Failed to wait for spawned command '/usr/bin/sh -c '[ "$(cat /sys/class/power_supply/ACAD/online)" == 1 ] && /usr/bin/ryzenadj --fast-limit=60000 --slow-limit=50000'': Input/output error
Oct 24 00:00:59 arch (udev-worker)[850440]: hidpp_battery_1: Failed to execute '/usr/bin/sh -c '[ "$(cat /sys/class/power_supply/ACAD/online)" == 1 ] && /usr/bin/ryzenadj --fast-limit=60000 --slow-limit=50000'', ignoring: Input/output error
Oct 24 00:02:00 arch (udev-worker)[850442]: hidpp_battery_1: Spawned process '/usr/bin/sh -c '[ "$(cat /sys/class/power_supply/ACAD/online)" == 1 ] && /usr/bin/ryzenadj --fast-limit=60000 --slow-limit=50000'' [850980] is taking longer than 59s to complete.
Oct 24 00:02:00 arch systemd-udevd[723]: hidpp_battery_1: Worker [850442] processing SEQNUM=9820 is taking a long time.
Oct 24 00:02:09 arch rtkit-daemon[2839]: Supervising 14 threads of 10 processes of 1 users.
Oct 24 00:02:09 arch rtkit-daemon[2839]: Supervising 14 threads of 10 processes of 1 users.
Oct 24 00:04:00 arch (udev-worker)[850442]: hidpp_battery_1: Spawned process '/usr/bin/sh -c '[ "$(cat /sys/class/power_supply/ACAD/online)" == 1 ] && /usr/bin/ryzenadj --fast-limit=60000 --slow-limit=50000'' [850980] timed out after 2min 59s, killing.
Oct 24 00:04:00 arch (udev-worker)[850442]: hidpp_battery_1: Process '/usr/bin/sh -c '[ "$(cat /sys/class/power_supply/ACAD/online)" == 1 ] && /usr/bin/ryzenadj --fast-limit=60000 --slow-limit=50000'' terminated by signal KILL.
Oct 24 00:04:00 arch (udev-worker)[850442]: hidpp_battery_1: Failed to wait for spawned command '/usr/bin/sh -c '[ "$(cat /sys/class/power_supply/ACAD/online)" == 1 ] && /usr/bin/ryzenadj --fast-limit=60000 --slow-limit=50000'': Input/output error
Oct 24 00:04:00 arch (udev-worker)[850442]: hidpp_battery_1: Failed to execute '/usr/bin/sh -c '[ "$(cat /sys/class/power_supply/ACAD/online)" == 1 ] && /usr/bin/ryzenadj --fast-limit=60000 --slow-limit=50000'', ignoring: Input/output error
-- Boot 3a5cf7e3e1c54a4282b48849cd3338b9 --
